./../01_RTL/P_MUL.sv:94: sorry: constant selects in always_* processes are not currently supported (all bits will be included).
./../01_RTL/P_MUL.sv:94: sorry: constant selects in always_* processes are not currently supported (all bits will be included).
./../01_RTL/P_MUL.sv:94: sorry: constant selects in always_* processes are not currently supported (all bits will be included).
./../01_RTL/P_MUL.sv:94: sorry: constant selects in always_* processes are not currently supported (all bits will be included).
./../01_RTL/P_MUL.sv:94: sorry: constant selects in always_* processes are not currently supported (all bits will be included).
./../01_RTL/P_MUL.sv:94: sorry: constant selects in always_* processes are not currently supported (all bits will be included).
./../01_RTL/P_MUL.sv:94: sorry: constant selects in always_* processes are not currently supported (all bits will be included).
./../01_RTL/P_MUL.sv:94: sorry: constant selects in always_* processes are not currently supported (all bits will be included).
VCD info: dumpfile ../02_REPORT/WAVEFORM.vcd opened for output.
pass pattern           1
pass pattern           2
pass pattern           3
pass pattern           4
pass pattern           5
pass pattern           6
pass pattern           7
pass pattern           8
pass pattern           9
pass pattern          10
pass pattern          11
pass pattern          12
pass pattern          13
pass pattern          14
pass pattern          15
pass pattern          16
pass pattern          17
pass pattern          18
pass pattern          19
pass pattern          20
pass pattern          21
pass pattern          22
pass pattern          23
pass pattern          24
pass pattern          25
pass pattern          26
pass pattern          27
pass pattern          28
pass pattern          29
pass pattern          30
pass pattern          31
pass pattern          32
pass pattern          33
pass pattern          34
pass pattern          35
pass pattern          36
pass pattern          37
pass pattern          38
pass pattern          39
pass pattern          40
pass pattern          41
pass pattern          42
pass pattern          43
pass pattern          44
pass pattern          45
pass pattern          46
pass pattern          47
pass pattern          48
pass pattern          49
pass pattern          50
pass pattern          51
pass pattern          52
pass pattern          53
pass pattern          54
pass pattern          55
pass pattern          56
pass pattern          57
pass pattern          58
pass pattern          59
pass pattern          60
pass pattern          61
pass pattern          62
pass pattern          63
pass pattern          64
pass pattern          65
pass pattern          66
pass pattern          67
pass pattern          68
pass pattern          69
pass pattern          70
pass pattern          71
pass pattern          72
pass pattern          73
pass pattern          74
pass pattern          75
pass pattern          76
pass pattern          77
pass pattern          78
pass pattern          79
pass pattern          80
pass pattern          81
pass pattern          82
pass pattern          83
pass pattern          84
pass pattern          85
pass pattern          86
pass pattern          87
pass pattern          88
pass pattern          89
pass pattern          90
pass pattern          91
pass pattern          92
pass pattern          93
pass pattern          94
pass pattern          95
pass pattern          96
pass pattern          97
pass pattern          98
pass pattern          99
pass pattern         100
pass pattern         101
pass pattern         102
pass pattern         103
pass pattern         104
pass pattern         105
pass pattern         106
pass pattern         107
pass pattern         108
pass pattern         109
pass pattern         110
pass pattern         111
pass pattern         112
pass pattern         113
pass pattern         114
pass pattern         115
pass pattern         116
pass pattern         117
pass pattern         118
pass pattern         119
pass pattern         120
pass pattern         121
pass pattern         122
pass pattern         123
pass pattern         124
pass pattern         125
pass pattern         126
pass pattern         127
pass pattern         128
pass pattern         129
pass pattern         130
pass pattern         131
pass pattern         132
pass pattern         133
pass pattern         134
pass pattern         135
pass pattern         136
pass pattern         137
pass pattern         138
pass pattern         139
pass pattern         140
pass pattern         141
pass pattern         142
pass pattern         143
pass pattern         144
pass pattern         145
pass pattern         146
pass pattern         147
pass pattern         148
pass pattern         149
pass pattern         150
pass pattern         151
pass pattern         152
pass pattern         153
pass pattern         154
pass pattern         155
pass pattern         156
pass pattern         157
pass pattern         158
pass pattern         159
pass pattern         160
pass pattern         161
pass pattern         162
pass pattern         163
pass pattern         164
pass pattern         165
pass pattern         166
pass pattern         167
pass pattern         168
pass pattern         169
pass pattern         170
pass pattern         171
pass pattern         172
pass pattern         173
pass pattern         174
pass pattern         175
pass pattern         176
pass pattern         177
pass pattern         178
pass pattern         179
pass pattern         180
pass pattern         181
pass pattern         182
pass pattern         183
pass pattern         184
pass pattern         185
pass pattern         186
pass pattern         187
pass pattern         188
pass pattern         189
pass pattern         190
pass pattern         191
pass pattern         192
pass pattern         193
pass pattern         194
pass pattern         195
pass pattern         196
pass pattern         197
pass pattern         198
pass pattern         199
pass pattern         200
pass pattern         201
pass pattern         202
pass pattern         203
pass pattern         204
pass pattern         205
pass pattern         206
pass pattern         207
pass pattern         208
pass pattern         209
pass pattern         210
pass pattern         211
pass pattern         212
pass pattern         213
pass pattern         214
pass pattern         215
pass pattern         216
pass pattern         217
pass pattern         218
pass pattern         219
pass pattern         220
pass pattern         221
pass pattern         222
pass pattern         223
pass pattern         224
pass pattern         225
pass pattern         226
pass pattern         227
pass pattern         228
pass pattern         229
pass pattern         230
pass pattern         231
pass pattern         232
pass pattern         233
pass pattern         234
pass pattern         235
pass pattern         236
pass pattern         237
pass pattern         238
pass pattern         239
pass pattern         240
pass pattern         241
pass pattern         242
pass pattern         243
pass pattern         244
pass pattern         245
pass pattern         246
pass pattern         247
pass pattern         248
pass pattern         249
pass pattern         250
pass pattern         251
pass pattern         252
pass pattern         253
pass pattern         254
pass pattern         255
pass pattern         256
pass pattern         257
pass pattern         258
pass pattern         259
pass pattern         260
pass pattern         261
pass pattern         262
pass pattern         263
pass pattern         264
pass pattern         265
pass pattern         266
pass pattern         267
pass pattern         268
pass pattern         269
pass pattern         270
pass pattern         271
pass pattern         272
pass pattern         273
pass pattern         274
pass pattern         275
pass pattern         276
pass pattern         277
pass pattern         278
pass pattern         279
pass pattern         280
pass pattern         281
pass pattern         282
pass pattern         283
pass pattern         284
pass pattern         285
pass pattern         286
pass pattern         287
pass pattern         288
pass pattern         289
pass pattern         290
pass pattern         291
pass pattern         292
pass pattern         293
pass pattern         294
pass pattern         295
pass pattern         296
pass pattern         297
pass pattern         298
pass pattern         299
pass pattern         300
pass pattern         301
pass pattern         302
pass pattern         303
pass pattern         304
pass pattern         305
pass pattern         306
pass pattern         307
pass pattern         308
pass pattern         309
pass pattern         310
pass pattern         311
pass pattern         312
pass pattern         313
pass pattern         314
pass pattern         315
pass pattern         316
pass pattern         317
pass pattern         318
pass pattern         319
pass pattern         320
pass pattern         321
pass pattern         322
pass pattern         323
pass pattern         324
pass pattern         325
pass pattern         326
pass pattern         327
pass pattern         328
pass pattern         329
pass pattern         330
pass pattern         331
pass pattern         332
pass pattern         333
pass pattern         334
pass pattern         335
pass pattern         336
pass pattern         337
pass pattern         338
pass pattern         339
pass pattern         340
pass pattern         341
pass pattern         342
pass pattern         343
pass pattern         344
pass pattern         345
pass pattern         346
pass pattern         347
pass pattern         348
pass pattern         349
pass pattern         350
pass pattern         351
pass pattern         352
pass pattern         353
pass pattern         354
pass pattern         355
pass pattern         356
pass pattern         357
pass pattern         358
pass pattern         359
pass pattern         360
pass pattern         361
pass pattern         362
pass pattern         363
pass pattern         364
pass pattern         365
pass pattern         366
pass pattern         367
pass pattern         368
pass pattern         369
pass pattern         370
pass pattern         371
pass pattern         372
pass pattern         373
pass pattern         374
pass pattern         375
pass pattern         376
pass pattern         377
pass pattern         378
pass pattern         379
pass pattern         380
pass pattern         381
pass pattern         382
pass pattern         383
pass pattern         384
pass pattern         385
pass pattern         386
pass pattern         387
pass pattern         388
pass pattern         389
pass pattern         390
pass pattern         391
pass pattern         392
pass pattern         393
pass pattern         394
pass pattern         395
pass pattern         396
pass pattern         397
pass pattern         398
pass pattern         399
pass pattern         400
pass pattern         401
pass pattern         402
pass pattern         403
pass pattern         404
pass pattern         405
pass pattern         406
pass pattern         407
pass pattern         408
pass pattern         409
pass pattern         410
pass pattern         411
pass pattern         412
pass pattern         413
pass pattern         414
pass pattern         415
pass pattern         416
pass pattern         417
pass pattern         418
pass pattern         419
pass pattern         420
pass pattern         421
pass pattern         422
pass pattern         423
pass pattern         424
pass pattern         425
pass pattern         426
pass pattern         427
pass pattern         428
pass pattern         429
pass pattern         430
pass pattern         431
pass pattern         432
pass pattern         433
pass pattern         434
pass pattern         435
pass pattern         436
pass pattern         437
pass pattern         438
pass pattern         439
pass pattern         440
pass pattern         441
pass pattern         442
pass pattern         443
pass pattern         444
pass pattern         445
pass pattern         446
pass pattern         447
pass pattern         448
pass pattern         449
pass pattern         450
pass pattern         451
pass pattern         452
pass pattern         453
pass pattern         454
pass pattern         455
pass pattern         456
pass pattern         457
pass pattern         458
pass pattern         459
pass pattern         460
pass pattern         461
pass pattern         462
pass pattern         463
pass pattern         464
pass pattern         465
pass pattern         466
pass pattern         467
pass pattern         468
pass pattern         469
pass pattern         470
pass pattern         471
pass pattern         472
pass pattern         473
pass pattern         474
pass pattern         475
pass pattern         476
pass pattern         477
pass pattern         478
pass pattern         479
pass pattern         480
pass pattern         481
pass pattern         482
pass pattern         483
pass pattern         484
pass pattern         485
pass pattern         486
pass pattern         487
pass pattern         488
pass pattern         489
pass pattern         490
pass pattern         491
pass pattern         492
pass pattern         493
pass pattern         494
pass pattern         495
pass pattern         496
pass pattern         497
pass pattern         498
pass pattern         499
pass pattern         500
pass pattern         501
pass pattern         502
pass pattern         503
pass pattern         504
pass pattern         505
pass pattern         506
pass pattern         507
pass pattern         508
pass pattern         509
pass pattern         510
pass pattern         511
pass pattern         512
pass pattern         513
pass pattern         514
pass pattern         515
pass pattern         516
pass pattern         517
pass pattern         518
pass pattern         519
pass pattern         520
pass pattern         521
pass pattern         522
pass pattern         523
pass pattern         524
pass pattern         525
pass pattern         526
pass pattern         527
pass pattern         528
pass pattern         529
pass pattern         530
pass pattern         531
pass pattern         532
pass pattern         533
pass pattern         534
pass pattern         535
pass pattern         536
pass pattern         537
pass pattern         538
pass pattern         539
pass pattern         540
pass pattern         541
pass pattern         542
pass pattern         543
pass pattern         544
pass pattern         545
pass pattern         546
pass pattern         547
pass pattern         548
pass pattern         549
pass pattern         550
pass pattern         551
pass pattern         552
pass pattern         553
pass pattern         554
pass pattern         555
pass pattern         556
pass pattern         557
pass pattern         558
pass pattern         559
pass pattern         560
pass pattern         561
pass pattern         562
pass pattern         563
pass pattern         564
pass pattern         565
pass pattern         566
pass pattern         567
pass pattern         568
pass pattern         569
pass pattern         570
pass pattern         571
pass pattern         572
pass pattern         573
pass pattern         574
pass pattern         575
pass pattern         576
pass pattern         577
pass pattern         578
pass pattern         579
pass pattern         580
pass pattern         581
pass pattern         582
pass pattern         583
pass pattern         584
pass pattern         585
pass pattern         586
pass pattern         587
pass pattern         588
pass pattern         589
pass pattern         590
pass pattern         591
pass pattern         592
pass pattern         593
pass pattern         594
pass pattern         595
pass pattern         596
pass pattern         597
pass pattern         598
pass pattern         599
pass pattern         600
pass pattern         601
pass pattern         602
pass pattern         603
pass pattern         604
pass pattern         605
pass pattern         606
pass pattern         607
pass pattern         608
pass pattern         609
pass pattern         610
pass pattern         611
pass pattern         612
pass pattern         613
pass pattern         614
pass pattern         615
pass pattern         616
pass pattern         617
pass pattern         618
pass pattern         619
pass pattern         620
pass pattern         621
pass pattern         622
pass pattern         623
pass pattern         624
pass pattern         625
pass pattern         626
pass pattern         627
pass pattern         628
pass pattern         629
pass pattern         630
pass pattern         631
pass pattern         632
pass pattern         633
pass pattern         634
pass pattern         635
pass pattern         636
pass pattern         637
pass pattern         638
pass pattern         639
pass pattern         640
pass pattern         641
pass pattern         642
pass pattern         643
pass pattern         644
pass pattern         645
pass pattern         646
pass pattern         647
pass pattern         648
pass pattern         649
pass pattern         650
pass pattern         651
pass pattern         652
pass pattern         653
pass pattern         654
pass pattern         655
pass pattern         656
pass pattern         657
pass pattern         658
pass pattern         659
pass pattern         660
pass pattern         661
pass pattern         662
pass pattern         663
pass pattern         664
pass pattern         665
pass pattern         666
pass pattern         667
pass pattern         668
pass pattern         669
pass pattern         670
pass pattern         671
pass pattern         672
pass pattern         673
pass pattern         674
pass pattern         675
pass pattern         676
pass pattern         677
pass pattern         678
pass pattern         679
pass pattern         680
pass pattern         681
pass pattern         682
pass pattern         683
pass pattern         684
pass pattern         685
pass pattern         686
pass pattern         687
pass pattern         688
pass pattern         689
pass pattern         690
pass pattern         691
pass pattern         692
pass pattern         693
pass pattern         694
pass pattern         695
pass pattern         696
pass pattern         697
pass pattern         698
pass pattern         699
pass pattern         700
pass pattern         701
pass pattern         702
pass pattern         703
pass pattern         704
pass pattern         705
pass pattern         706
pass pattern         707
pass pattern         708
pass pattern         709
pass pattern         710
pass pattern         711
pass pattern         712
pass pattern         713
pass pattern         714
pass pattern         715
pass pattern         716
pass pattern         717
pass pattern         718
pass pattern         719
pass pattern         720
pass pattern         721
pass pattern         722
pass pattern         723
pass pattern         724
pass pattern         725
pass pattern         726
pass pattern         727
pass pattern         728
pass pattern         729
pass pattern         730
pass pattern         731
pass pattern         732
pass pattern         733
pass pattern         734
pass pattern         735
pass pattern         736
pass pattern         737
pass pattern         738
pass pattern         739
pass pattern         740
pass pattern         741
pass pattern         742
pass pattern         743
pass pattern         744
pass pattern         745
pass pattern         746
pass pattern         747
pass pattern         748
pass pattern         749
pass pattern         750
pass pattern         751
pass pattern         752
pass pattern         753
pass pattern         754
pass pattern         755
pass pattern         756
pass pattern         757
pass pattern         758
pass pattern         759
pass pattern         760
pass pattern         761
pass pattern         762
pass pattern         763
pass pattern         764
pass pattern         765
pass pattern         766
pass pattern         767
pass pattern         768
pass pattern         769
pass pattern         770
pass pattern         771
pass pattern         772
pass pattern         773
pass pattern         774
pass pattern         775
pass pattern         776
pass pattern         777
pass pattern         778
pass pattern         779
pass pattern         780
pass pattern         781
pass pattern         782
pass pattern         783
pass pattern         784
pass pattern         785
pass pattern         786
pass pattern         787
pass pattern         788
pass pattern         789
pass pattern         790
pass pattern         791
pass pattern         792
pass pattern         793
pass pattern         794
pass pattern         795
pass pattern         796
pass pattern         797
pass pattern         798
pass pattern         799
pass pattern         800
pass pattern         801
pass pattern         802
pass pattern         803
pass pattern         804
pass pattern         805
pass pattern         806
pass pattern         807
pass pattern         808
pass pattern         809
pass pattern         810
pass pattern         811
pass pattern         812
pass pattern         813
pass pattern         814
pass pattern         815
pass pattern         816
pass pattern         817
pass pattern         818
pass pattern         819
pass pattern         820
pass pattern         821
pass pattern         822
pass pattern         823
pass pattern         824
pass pattern         825
pass pattern         826
pass pattern         827
pass pattern         828
pass pattern         829
pass pattern         830
pass pattern         831
pass pattern         832
pass pattern         833
pass pattern         834
pass pattern         835
pass pattern         836
pass pattern         837
pass pattern         838
pass pattern         839
pass pattern         840
pass pattern         841
pass pattern         842
pass pattern         843
pass pattern         844
pass pattern         845
pass pattern         846
pass pattern         847
pass pattern         848
pass pattern         849
pass pattern         850
pass pattern         851
pass pattern         852
pass pattern         853
pass pattern         854
pass pattern         855
pass pattern         856
pass pattern         857
pass pattern         858
pass pattern         859
pass pattern         860
pass pattern         861
pass pattern         862
pass pattern         863
pass pattern         864
pass pattern         865
pass pattern         866
pass pattern         867
pass pattern         868
pass pattern         869
pass pattern         870
pass pattern         871
pass pattern         872
pass pattern         873
pass pattern         874
pass pattern         875
pass pattern         876
pass pattern         877
pass pattern         878
pass pattern         879
pass pattern         880
pass pattern         881
pass pattern         882
pass pattern         883
pass pattern         884
pass pattern         885
pass pattern         886
pass pattern         887
pass pattern         888
pass pattern         889
pass pattern         890
pass pattern         891
pass pattern         892
pass pattern         893
pass pattern         894
pass pattern         895
pass pattern         896
pass pattern         897
pass pattern         898
pass pattern         899
pass pattern         900
pass pattern         901
pass pattern         902
pass pattern         903
pass pattern         904
pass pattern         905
pass pattern         906
pass pattern         907
pass pattern         908
pass pattern         909
pass pattern         910
pass pattern         911
pass pattern         912
pass pattern         913
pass pattern         914
pass pattern         915
pass pattern         916
pass pattern         917
pass pattern         918
pass pattern         919
pass pattern         920
pass pattern         921
pass pattern         922
pass pattern         923
pass pattern         924
pass pattern         925
pass pattern         926
pass pattern         927
pass pattern         928
pass pattern         929
pass pattern         930
pass pattern         931
pass pattern         932
pass pattern         933
pass pattern         934
pass pattern         935
pass pattern         936
pass pattern         937
pass pattern         938
pass pattern         939
pass pattern         940
pass pattern         941
pass pattern         942
pass pattern         943
pass pattern         944
pass pattern         945
pass pattern         946
pass pattern         947
pass pattern         948
pass pattern         949
pass pattern         950
pass pattern         951
pass pattern         952
pass pattern         953
pass pattern         954
pass pattern         955
pass pattern         956
pass pattern         957
pass pattern         958
pass pattern         959
pass pattern         960
pass pattern         961
pass pattern         962
pass pattern         963
pass pattern         964
pass pattern         965
pass pattern         966
pass pattern         967
pass pattern         968
pass pattern         969
pass pattern         970
pass pattern         971
pass pattern         972
pass pattern         973
pass pattern         974
pass pattern         975
pass pattern         976
pass pattern         977
pass pattern         978
pass pattern         979
pass pattern         980
pass pattern         981
pass pattern         982
pass pattern         983
pass pattern         984
pass pattern         985
pass pattern         986
pass pattern         987
pass pattern         988
pass pattern         989
pass pattern         990
pass pattern         991
pass pattern         992
pass pattern         993
pass pattern         994
pass pattern         995
pass pattern         996
pass pattern         997
pass pattern         998
pass pattern         999
pass pattern        1000
[37m                                                                                                                                          
[37m                                                                                [32m      :BBQvi.                                              
[37m                                                              .i7ssrvs7         [32m     BBBBBBBBQi                                           
[37m                        .:r7rrrr:::.        .::::::...   .i7vr:.      .B:       [32m    :BBBP :7BBBB.                                         
[37m                      .Kv.........:rrvYr7v7rr:.....:rrirJr.   .rgBBBBg  Bi      [32m    BBBB     BBBB                                         
[37m                     7Q  :rubEPUri:.       ..:irrii:..    :bBBBBBBBBBBB  B      [32m   iBBBv     BBBB       vBr                               
[37m                    7B  BBBBBBBBBBBBBBB::BBBBBBBBBBBBBBBBBBBBBBBBBBBBBBB :R     [32m   BBBBBKrirBBBB.     :BBBBBB:                            
[37m                   Jd .BBBBBBBBBBBBBBBBBBBBBBBBBBBBBBBBBBBBBBBBBBBBBBBBB: Bi    [32m  rBBBBBBBBBBBR.    .BBBM:BBB                             
[37m                  uZ .BBBBBBBBBBBBBBBBBBBBBBBBBBBBBBBBBBBBBBBBBBBBBBBBBBB .B    [32m  BBBB   .::.      EBBBi :BBU                             
[37m                 7B .BBBBBBBBBBBBBBBBBBBBBBBBBBBBBBBBBBBBBBBBBBBBBBBBBBBB  B    [32m MBBBr           vBBBu   BBB.                             
[37m                .B  BBBBBBBBBBBBBBBBBBBBBBBBBBBBBBBBBBBBBBBBBBBBBBBBBBBBB: JJ   [32m i7PB          iBBBBB.  iBBB                              
[37m                B. BBBBBBBBBBBBBBBBBBBBBBBBBBBBBBBBBBBBBBBBBBBBBBBBBBBBBBB  Lu             [32m  vBBBBPBBBBPBBB7       .7QBB5i                
[37m               Y1 KBBBBBBBBBBBBBBBBBBBBBBBBBBBBBBBBBBBBBBBBBBBBBBi XBBBBBBBi :B            [32m :RBBB.  .rBBBBB.      rBBBBBBBB7              
[37m              :B .BBBBBBBBBBBBBsRBBBBBBBBBBBrQBBBBB. UBBBRrBBBBBBr 1BBBBBBBBB  B.          [32m    .       BBBB       BBBB  :BBBB             
[37m              Bi BBBBBBBBBBBBBi :BBBBBBBBBBE .BBK.  .  .   QBBBBBBBBBBBBBBBBBB  Bi         [32m           rBBBr       BBBB    BBBU            
[37m             .B .BBBBBBBBBBBBBBQBBBBBBBBBBBB       [38;2;242;172;172mBBv [37m.LBBBBBBBBBBBBBBBBBBBBBB. B7.:ii:   [32m           vBBB        .BBBB   :7i.            
[37m            .B  PBBBBBBBBBBBBBBBBBBBBBBBBBBBBbYQB. [38;2;242;172;172mBB: [37mBBBBBBBBBBBBBBBBBBBBBBBBB  Jr:::rK7 [32m             .7  BBB7   iBBBg                  
[37m           7M  PBBBBBBBBBBBBBBBBBBBBBBBBBBBBBBBBB  [38;2;242;172;172mBB. [37mBBBBBBBBBBBBBBBBBBBBBBB..i   .   v1                  [32mdBBB.   5BBBr                 
[37m          sZ .BBBBBBBBBBBBBBBBBBBBBBBBBBBBBBBBBBB  [38;2;242;172;172mBB. [37mBBBBBBBBBBBBBBBBBBBBBBBBBBB iD2BBQL.                 [32m ZBBBr  EBBBv     YBBBBQi     
[37m  .7YYUSIX5 .BBBBBBBBBBBBBBBBBBBBBBBBBBBBBBBBBBBB  [38;2;242;172;172mBB. [37mBBBBBBBBBBBBBBBBBBBBBBBBY.:.      :B                 [32m  iBBBBBBBBD     BBBBBBBBB.   
[37m LB.        ..BBBBBBBBBBBBBBBBBBBBBBBBBBBBBBBBBBB. [38;2;242;172;172mBB: [37mBBBBBBBBBBBBBBBBBBBBBBBBMBBB. BP17si                 [32m    :LBBBr      vBBBi  5BBB   
[37m  KvJPBBB :BBBBBBBBBBBBBBBBBBBBBBBBBBBBBBBBBBBBBB: [38;2;242;172;172mZB: [37mBBBBBBBBBBBBBBBBBBBBBBBBBsiJr .i7ssr:                [32m          ...   :BBB:   BBBu  
[37m i7ii:.   ::BBBBBBBBBBBBBBBBBBBBBBBBBBBBBBBBBBBBBj [38;2;242;172;172muBi [37mQBBBBBBBBBBBBBBBBBBBBBBBBi.ir      iB                [32m         .BBBi   BBBB   iMBu  
[37mDB    .  vBdBBBBBBBBBBBBBBBBBBBBBBBBBBBBBBBBBBBBBg [38;2;242;172;172m7Bi [37mBBBBBBBBBBBBBBBBBBBBBBBBBBBBB rBrXPv.                [32m          BBBX   :BBBr        
[37m :vQBBB. BQBBBBBBBBBBBBBBBBBBBBBBBBBBBBBBBBBBBBBBQ [38;2;242;172;172miB: [37mBBBBBBBBBBBBBBBBBBBBBBBBBBBBB .L:ii::irrrrrrrr7jIr   [32m          .BBBv  :BBBQ        
[37m :7:.   .. 5BBBBBBBBBBBBBBBBBBBBBBBBBBBBBBBBBBBBBB  [38;2;242;172;172mBr [37mBBBBBBBBBBBBBBBBBBBBBBBBBBBB:            ..... ..YB. [32m           .BBBBBBBBB:        
[37mBU  .:. BBBBBBBBBBBBBBBBBBBBBBBBBBBBBBBBBBBBBBBBBB  [38;2;242;172;172mB7 [37mgBBBBBBBBBBBBBBBBBBBBBBBBBB. gBBBBBBBBBBBBBBBBBB. BL [32m             rBBBBB1.         
[37m rY7iB: BBBBBBBBBBBBBBBBBBBBBBBBBBBBBBBBBBBBBBBBBB: [38;2;242;172;172mB7 [37mBBBBBBBBBBBBBBBBBBBBBBBBBB. QBBBBBBBBBBBBBBBBBi  v5                                
[37m     us EBBBBBBBBBBBBBBBBBBBBBBBBBBBBBBBBBBBBBBBBBB [38;2;242;172;172mIr [37mBBBBBBBBBBBBBBBBBBBBBBBBBBBBBBBBBgu7i.:BBBBBBBr Bu                                 
[37m      B  7BBBBBBBBBBBBBBBBBBBBBBBBBBBBBBBBBBBBBBBBB.[38;2;242;172;172m:i [37mBBBBBBBBBBBBBBBBBBBBBBBBBBBv:.  .. :::  .rr    rB                                  
[37m      us  .BBBBBBBBBBBBBQLXBBBBBBBBBBBBBBBBBBBBBBBBq  .BBBBBBBBBBBBBBBBBBBBBBBBBv  :iJ7vri:::1Jr..isJYr                                   
[37m      B  BBBBBBB  MBBBM      qBBBBBBBBBBBBBBBBBBBBBB: BBBBBBBBBBBBBBBBBBBBBBBBBB  B:           iir:                                       
[37m     iB iBBBBBBBL       BBBP. :BBBBBBBBBBBBBBBBBBBBBBBBBBBBBBBBBBBBBBBBBBBBBBBB  B.                                                       
[37m     P: BBBBBBBBBBB5v7gBBBBBB  BBBBBBBBBBBBBBBBBBBBBBBBBBBBBBBBBBBBBBBBBBBBBBB: Br                                                        
[37m     B  BBBs 7BBBBBBBBBBBBBB7 :BBBBBBBBBBBBBBBBBBBBBBBBBBBBBBBBBBBBBBBBBBBBBBB .B                                                         
[37m    .B :BBBB.  EBBBBBQBBBBBJ .BBBBBBBBBBBBBBBBBBBBBBBBBBBBBBBBBBBBBBBBBBBBBBB. B.                                                         
[37m    ij qBBBBBg          ..  .BBBBBBBBBBBBBBBBBBBBBBBBBBBBBBBBBBBBBBBBBBBBBBBB .B                                                          
[37m    UY QBBBBBBBBSUSPDQL...iBBBBBBBBBBBBBBBBBBBBBBBBBBBBBBBBBBBBBBBBBBBBBBBBBK EL                                                          
[37m    B7 BBBBBBBBBBBBBBBBBBBBBBBBBBBBBBBBBBBBBBBBBBBBBBBBBBBBBBBBBBBBBBBBBBBBB: B:                                                          
[37m    B  BBBBBBBBBBBBBBBBBBBBBBBBBBBBBBBBBBBBBBBYrBB vBBBBBBBBBBBBBBBBBBBBBBBB. Ls                                                          
[37m    B  BBBBBBBBBBBBBBBBBBBBBBBBBBBBBBBBBBBBBBBi_  /UBBBBBBBBBBBBBBBBBBBBBBBBB. :B:                                                        
[37m   rM .BBBBBBBBBBBBBBBBBBBBBBBBBBBBBBBBBBBBBBBB  ..IBBBBBBBBBBBBBBBBQBBBBBBBBBB  B                                                        
[37m   B  BBBBBBBBBdZBBBBBBBBBBBBBBBBBBBBBBBBBBBBBBPBBBBBBBBBBBBEji:..     sBBBBBBBr Br                                                       
[37m  7B 7BBBBBBBr     .:vXQBBBBBBBBBBBBBBBBBBBBBBBBBQqui::..  ...i:i7777vi  BBBBBBr Bi                                                       
[37m  Ki BBBBBBB  rY7vr:i....  .............:.....  ...:rii7vrr7r:..      7B  BBBBB  Bi                                                       
[37m  B. BBBBBB  B:    .::ir77rrYLvvriiiiiiirvvY7rr77ri:..                 bU  iQBB:..rI                                                      
[37m.S: 7BBBBP  B.                                                          vI7.  .:.  B.                                                     
[37mB: ir:.   :B.                                                             :rvsUjUgU.                                                      
[37mrMvrrirJKur                                                                                                                               [m
----------------------------------------------------------------------------------------------------------------------
                                                  Congratulations!                						             
                                           You have passed all patterns!          						             
----------------------------------------------------------------------------------------------------------------------
./../00_TESTBED/PATTERN.sv:217: $finish called at 4542750 (1ps)
