VCD info: dumpfile ../02_REPORT/WAVEFORM.vcd opened for output.
[0;31mPASS PATTERN NO.   0, [m
[0;31mPASS PATTERN NO.   1, [m
[0;31mPASS PATTERN NO.   2, [m
[1;31mPASS PATTERN NO.   3, [m
[1;31mPASS PATTERN NO.   4, [m
[1;31mPASS PATTERN NO.   5, [m
[1;33mPASS PATTERN NO.   6, [m
[1;33mPASS PATTERN NO.   7, [m
[1;33mPASS PATTERN NO.   8, [m
[0;32mPASS PATTERN NO.   9, [m
[0;32mPASS PATTERN NO.  10, [m
[0;32mPASS PATTERN NO.  11, [m
[0;36mPASS PATTERN NO.  12, [m
[0;36mPASS PATTERN NO.  13, [m
[0;36mPASS PATTERN NO.  14, [m
[0;34mPASS PATTERN NO.  15, [m
[0;34mPASS PATTERN NO.  16, [m
[0;34mPASS PATTERN NO.  17, [m
[0;35mPASS PATTERN NO.  18, [m
[0;35mPASS PATTERN NO.  19, [m
[0;35mPASS PATTERN NO.  20, [m
[0;31mPASS PATTERN NO.  21, [m
[0;31mPASS PATTERN NO.  22, [m
[0;31mPASS PATTERN NO.  23, [m
[1;31mPASS PATTERN NO.  24, [m
[1;31mPASS PATTERN NO.  25, [m
[1;31mPASS PATTERN NO.  26, [m
[1;33mPASS PATTERN NO.  27, [m
[1;33mPASS PATTERN NO.  28, [m
[1;33mPASS PATTERN NO.  29, [m
[0;32mPASS PATTERN NO.  30, [m
[0;32mPASS PATTERN NO.  31, [m
[0;32mPASS PATTERN NO.  32, [m
[0;36mPASS PATTERN NO.  33, [m
[0;36mPASS PATTERN NO.  34, [m
[0;36mPASS PATTERN NO.  35, [m
[0;34mPASS PATTERN NO.  36, [m
[0;34mPASS PATTERN NO.  37, [m
[0;34mPASS PATTERN NO.  38, [m
[0;35mPASS PATTERN NO.  39, [m
[0;35mPASS PATTERN NO.  40, [m
[0;35mPASS PATTERN NO.  41, [m
[0;31mPASS PATTERN NO.  42, [m
[0;31mPASS PATTERN NO.  43, [m
[0;31mPASS PATTERN NO.  44, [m
[1;31mPASS PATTERN NO.  45, [m
[1;31mPASS PATTERN NO.  46, [m
[1;31mPASS PATTERN NO.  47, [m
[1;33mPASS PATTERN NO.  48, [m
[1;33mPASS PATTERN NO.  49, [m
[1;33mPASS PATTERN NO.  50, [m
[0;32mPASS PATTERN NO.  51, [m
[0;32mPASS PATTERN NO.  52, [m
[0;32mPASS PATTERN NO.  53, [m
[0;36mPASS PATTERN NO.  54, [m
[0;36mPASS PATTERN NO.  55, [m
[0;36mPASS PATTERN NO.  56, [m
[0;34mPASS PATTERN NO.  57, [m
[0;34mPASS PATTERN NO.  58, [m
[0;34mPASS PATTERN NO.  59, [m
[0;35mPASS PATTERN NO.  60, [m
[0;35mPASS PATTERN NO.  61, [m
[0;35mPASS PATTERN NO.  62, [m
[0;31mPASS PATTERN NO.  63, [m
[0;31mPASS PATTERN NO.  64, [m
[0;31mPASS PATTERN NO.  65, [m
[1;31mPASS PATTERN NO.  66, [m
[1;31mPASS PATTERN NO.  67, [m
[1;31mPASS PATTERN NO.  68, [m
[1;33mPASS PATTERN NO.  69, [m
[1;33mPASS PATTERN NO.  70, [m
[1;33mPASS PATTERN NO.  71, [m
[0;32mPASS PATTERN NO.  72, [m
[0;32mPASS PATTERN NO.  73, [m
[0;32mPASS PATTERN NO.  74, [m
[0;36mPASS PATTERN NO.  75, [m
[0;36mPASS PATTERN NO.  76, [m
[0;36mPASS PATTERN NO.  77, [m
[0;34mPASS PATTERN NO.  78, [m
[0;34mPASS PATTERN NO.  79, [m
[0;34mPASS PATTERN NO.  80, [m
[0;35mPASS PATTERN NO.  81, [m
[0;35mPASS PATTERN NO.  82, [m
[0;35mPASS PATTERN NO.  83, [m
[0;31mPASS PATTERN NO.  84, [m
[0;31mPASS PATTERN NO.  85, [m
[0;31mPASS PATTERN NO.  86, [m
[1;31mPASS PATTERN NO.  87, [m
[1;31mPASS PATTERN NO.  88, [m
[1;31mPASS PATTERN NO.  89, [m
[1;33mPASS PATTERN NO.  90, [m
[1;33mPASS PATTERN NO.  91, [m
[1;33mPASS PATTERN NO.  92, [m
[0;32mPASS PATTERN NO.  93, [m
[0;32mPASS PATTERN NO.  94, [m
[0;32mPASS PATTERN NO.  95, [m
[0;36mPASS PATTERN NO.  96, [m
[0;36mPASS PATTERN NO.  97, [m
[0;36mPASS PATTERN NO.  98, [m
[0;34mPASS PATTERN NO.  99, [m
[0;34mPASS PATTERN NO. 100, [m
[0;34mPASS PATTERN NO. 101, [m
[0;35mPASS PATTERN NO. 102, [m
[0;35mPASS PATTERN NO. 103, [m
[0;35mPASS PATTERN NO. 104, [m
[0;31mPASS PATTERN NO. 105, [m
[0;31mPASS PATTERN NO. 106, [m
[0;31mPASS PATTERN NO. 107, [m
[1;31mPASS PATTERN NO. 108, [m
[1;31mPASS PATTERN NO. 109, [m
[1;31mPASS PATTERN NO. 110, [m
[1;33mPASS PATTERN NO. 111, [m
[1;33mPASS PATTERN NO. 112, [m
[1;33mPASS PATTERN NO. 113, [m
[0;32mPASS PATTERN NO. 114, [m
[0;32mPASS PATTERN NO. 115, [m
[0;32mPASS PATTERN NO. 116, [m
[0;36mPASS PATTERN NO. 117, [m
[0;36mPASS PATTERN NO. 118, [m
[0;36mPASS PATTERN NO. 119, [m
[0;34mPASS PATTERN NO. 120, [m
[0;34mPASS PATTERN NO. 121, [m
[0;34mPASS PATTERN NO. 122, [m
[0;35mPASS PATTERN NO. 123, [m
[0;35mPASS PATTERN NO. 124, [m
[0;35mPASS PATTERN NO. 125, [m
[0;31mPASS PATTERN NO. 126, [m
[0;31mPASS PATTERN NO. 127, [m
[0;31mPASS PATTERN NO. 128, [m
[1;31mPASS PATTERN NO. 129, [m
[1;31mPASS PATTERN NO. 130, [m
[1;31mPASS PATTERN NO. 131, [m
[1;33mPASS PATTERN NO. 132, [m
[1;33mPASS PATTERN NO. 133, [m
[1;33mPASS PATTERN NO. 134, [m
[0;32mPASS PATTERN NO. 135, [m
[0;32mPASS PATTERN NO. 136, [m
[0;32mPASS PATTERN NO. 137, [m
[0;36mPASS PATTERN NO. 138, [m
[0;36mPASS PATTERN NO. 139, [m
[0;36mPASS PATTERN NO. 140, [m
[0;34mPASS PATTERN NO. 141, [m
[0;34mPASS PATTERN NO. 142, [m
[0;34mPASS PATTERN NO. 143, [m
[0;35mPASS PATTERN NO. 144, [m
[0;35mPASS PATTERN NO. 145, [m
[0;35mPASS PATTERN NO. 146, [m
[0;31mPASS PATTERN NO. 147, [m
[0;31mPASS PATTERN NO. 148, [m
[0;31mPASS PATTERN NO. 149, [m
[1;31mPASS PATTERN NO. 150, [m
[1;31mPASS PATTERN NO. 151, [m
[1;31mPASS PATTERN NO. 152, [m
[1;33mPASS PATTERN NO. 153, [m
[1;33mPASS PATTERN NO. 154, [m
[1;33mPASS PATTERN NO. 155, [m
[0;32mPASS PATTERN NO. 156, [m
[0;32mPASS PATTERN NO. 157, [m
[0;32mPASS PATTERN NO. 158, [m
[0;36mPASS PATTERN NO. 159, [m
[0;36mPASS PATTERN NO. 160, [m
[0;36mPASS PATTERN NO. 161, [m
[0;34mPASS PATTERN NO. 162, [m
[0;34mPASS PATTERN NO. 163, [m
[0;34mPASS PATTERN NO. 164, [m
[0;35mPASS PATTERN NO. 165, [m
[0;35mPASS PATTERN NO. 166, [m
[0;35mPASS PATTERN NO. 167, [m
[0;31mPASS PATTERN NO. 168, [m
[0;31mPASS PATTERN NO. 169, [m
[0;31mPASS PATTERN NO. 170, [m
[1;31mPASS PATTERN NO. 171, [m
[1;31mPASS PATTERN NO. 172, [m
[1;31mPASS PATTERN NO. 173, [m
[1;33mPASS PATTERN NO. 174, [m
[1;33mPASS PATTERN NO. 175, [m
[1;33mPASS PATTERN NO. 176, [m
[0;32mPASS PATTERN NO. 177, [m
[0;32mPASS PATTERN NO. 178, [m
[0;32mPASS PATTERN NO. 179, [m
[0;36mPASS PATTERN NO. 180, [m
[0;36mPASS PATTERN NO. 181, [m
[0;36mPASS PATTERN NO. 182, [m
[0;34mPASS PATTERN NO. 183, [m
[0;34mPASS PATTERN NO. 184, [m
[0;34mPASS PATTERN NO. 185, [m
[0;35mPASS PATTERN NO. 186, [m
[0;35mPASS PATTERN NO. 187, [m
[0;35mPASS PATTERN NO. 188, [m
[0;31mPASS PATTERN NO. 189, [m
[0;31mPASS PATTERN NO. 190, [m
[0;31mPASS PATTERN NO. 191, [m
[1;31mPASS PATTERN NO. 192, [m
[1;31mPASS PATTERN NO. 193, [m
[1;31mPASS PATTERN NO. 194, [m
[1;33mPASS PATTERN NO. 195, [m
[1;33mPASS PATTERN NO. 196, [m
[1;33mPASS PATTERN NO. 197, [m
[0;32mPASS PATTERN NO. 198, [m
[0;32mPASS PATTERN NO. 199, [m
[0;32mPASS PATTERN NO. 200, [m
[0;36mPASS PATTERN NO. 201, [m
[0;36mPASS PATTERN NO. 202, [m
[0;36mPASS PATTERN NO. 203, [m
[0;34mPASS PATTERN NO. 204, [m
[0;34mPASS PATTERN NO. 205, [m
[0;34mPASS PATTERN NO. 206, [m
[0;35mPASS PATTERN NO. 207, [m
[0;35mPASS PATTERN NO. 208, [m
[0;35mPASS PATTERN NO. 209, [m
[0;31mPASS PATTERN NO. 210, [m
[0;31mPASS PATTERN NO. 211, [m
[0;31mPASS PATTERN NO. 212, [m
[1;31mPASS PATTERN NO. 213, [m
[1;31mPASS PATTERN NO. 214, [m
[1;31mPASS PATTERN NO. 215, [m
[1;33mPASS PATTERN NO. 216, [m
[1;33mPASS PATTERN NO. 217, [m
[1;33mPASS PATTERN NO. 218, [m
[0;32mPASS PATTERN NO. 219, [m
[0;32mPASS PATTERN NO. 220, [m
[0;32mPASS PATTERN NO. 221, [m
[0;36mPASS PATTERN NO. 222, [m
[0;36mPASS PATTERN NO. 223, [m
[0;36mPASS PATTERN NO. 224, [m
[0;34mPASS PATTERN NO. 225, [m
[0;34mPASS PATTERN NO. 226, [m
[0;34mPASS PATTERN NO. 227, [m
[0;35mPASS PATTERN NO. 228, [m
[0;35mPASS PATTERN NO. 229, [m
[0;35mPASS PATTERN NO. 230, [m
[0;31mPASS PATTERN NO. 231, [m
[0;31mPASS PATTERN NO. 232, [m
[0;31mPASS PATTERN NO. 233, [m
[1;31mPASS PATTERN NO. 234, [m
[1;31mPASS PATTERN NO. 235, [m
[1;31mPASS PATTERN NO. 236, [m
[1;33mPASS PATTERN NO. 237, [m
[1;33mPASS PATTERN NO. 238, [m
[1;33mPASS PATTERN NO. 239, [m
[0;32mPASS PATTERN NO. 240, [m
[0;32mPASS PATTERN NO. 241, [m
[0;32mPASS PATTERN NO. 242, [m
[0;36mPASS PATTERN NO. 243, [m
[0;36mPASS PATTERN NO. 244, [m
[0;36mPASS PATTERN NO. 245, [m
[0;34mPASS PATTERN NO. 246, [m
[0;34mPASS PATTERN NO. 247, [m
[0;34mPASS PATTERN NO. 248, [m
[0;35mPASS PATTERN NO. 249, [m
[0;35mPASS PATTERN NO. 250, [m
[0;35mPASS PATTERN NO. 251, [m
[0;31mPASS PATTERN NO. 252, [m
[0;31mPASS PATTERN NO. 253, [m
[0;31mPASS PATTERN NO. 254, [m
[1;31mPASS PATTERN NO. 255, [m
[1;31mPASS PATTERN NO. 256, [m
[1;31mPASS PATTERN NO. 257, [m
[1;33mPASS PATTERN NO. 258, [m
[1;33mPASS PATTERN NO. 259, [m
[1;33mPASS PATTERN NO. 260, [m
[0;32mPASS PATTERN NO. 261, [m
[0;32mPASS PATTERN NO. 262, [m
[0;32mPASS PATTERN NO. 263, [m
[0;36mPASS PATTERN NO. 264, [m
[0;36mPASS PATTERN NO. 265, [m
[0;36mPASS PATTERN NO. 266, [m
[0;34mPASS PATTERN NO. 267, [m
[0;34mPASS PATTERN NO. 268, [m
[0;34mPASS PATTERN NO. 269, [m
[0;35mPASS PATTERN NO. 270, [m
[0;35mPASS PATTERN NO. 271, [m
[0;35mPASS PATTERN NO. 272, [m
[0;31mPASS PATTERN NO. 273, [m
[0;31mPASS PATTERN NO. 274, [m
[0;31mPASS PATTERN NO. 275, [m
[1;31mPASS PATTERN NO. 276, [m
[1;31mPASS PATTERN NO. 277, [m
[1;31mPASS PATTERN NO. 278, [m
[1;33mPASS PATTERN NO. 279, [m
[1;33mPASS PATTERN NO. 280, [m
[1;33mPASS PATTERN NO. 281, [m
[0;32mPASS PATTERN NO. 282, [m
[0;32mPASS PATTERN NO. 283, [m
[0;32mPASS PATTERN NO. 284, [m
[0;36mPASS PATTERN NO. 285, [m
[0;36mPASS PATTERN NO. 286, [m
[0;36mPASS PATTERN NO. 287, [m
[0;34mPASS PATTERN NO. 288, [m
[0;34mPASS PATTERN NO. 289, [m
[0;34mPASS PATTERN NO. 290, [m
[0;35mPASS PATTERN NO. 291, [m
[0;35mPASS PATTERN NO. 292, [m
[0;35mPASS PATTERN NO. 293, [m
[0;31mPASS PATTERN NO. 294, [m
[0;31mPASS PATTERN NO. 295, [m
[0;31mPASS PATTERN NO. 296, [m
[1;31mPASS PATTERN NO. 297, [m
[1;31mPASS PATTERN NO. 298, [m
[1;31mPASS PATTERN NO. 299, [m
[1;33mPASS PATTERN NO. 300, [m
[1;33mPASS PATTERN NO. 301, [m
[1;33mPASS PATTERN NO. 302, [m
[0;32mPASS PATTERN NO. 303, [m
[0;32mPASS PATTERN NO. 304, [m
[0;32mPASS PATTERN NO. 305, [m
[0;36mPASS PATTERN NO. 306, [m
[0;36mPASS PATTERN NO. 307, [m
[0;36mPASS PATTERN NO. 308, [m
[0;34mPASS PATTERN NO. 309, [m
[0;34mPASS PATTERN NO. 310, [m
[0;34mPASS PATTERN NO. 311, [m
[0;35mPASS PATTERN NO. 312, [m
[0;35mPASS PATTERN NO. 313, [m
[0;35mPASS PATTERN NO. 314, [m
[0;31mPASS PATTERN NO. 315, [m
[0;31mPASS PATTERN NO. 316, [m
[0;31mPASS PATTERN NO. 317, [m
[1;31mPASS PATTERN NO. 318, [m
[1;31mPASS PATTERN NO. 319, [m
[1;31mPASS PATTERN NO. 320, [m
[1;33mPASS PATTERN NO. 321, [m
[1;33mPASS PATTERN NO. 322, [m
[1;33mPASS PATTERN NO. 323, [m
[0;32mPASS PATTERN NO. 324, [m
[0;32mPASS PATTERN NO. 325, [m
[0;32mPASS PATTERN NO. 326, [m
[0;36mPASS PATTERN NO. 327, [m
[0;36mPASS PATTERN NO. 328, [m
[0;36mPASS PATTERN NO. 329, [m
[0;34mPASS PATTERN NO. 330, [m
[0;34mPASS PATTERN NO. 331, [m
[0;34mPASS PATTERN NO. 332, [m
[0;35mPASS PATTERN NO. 333, [m
[0;35mPASS PATTERN NO. 334, [m
[0;35mPASS PATTERN NO. 335, [m
[0;31mPASS PATTERN NO. 336, [m
[0;31mPASS PATTERN NO. 337, [m
[0;31mPASS PATTERN NO. 338, [m
[1;31mPASS PATTERN NO. 339, [m
[1;31mPASS PATTERN NO. 340, [m
[1;31mPASS PATTERN NO. 341, [m
[1;33mPASS PATTERN NO. 342, [m
[1;33mPASS PATTERN NO. 343, [m
[1;33mPASS PATTERN NO. 344, [m
[0;32mPASS PATTERN NO. 345, [m
[0;32mPASS PATTERN NO. 346, [m
[0;32mPASS PATTERN NO. 347, [m
[0;36mPASS PATTERN NO. 348, [m
[0;36mPASS PATTERN NO. 349, [m
[0;36mPASS PATTERN NO. 350, [m
[0;34mPASS PATTERN NO. 351, [m
[0;34mPASS PATTERN NO. 352, [m
[0;34mPASS PATTERN NO. 353, [m
[0;35mPASS PATTERN NO. 354, [m
[0;35mPASS PATTERN NO. 355, [m
[0;35mPASS PATTERN NO. 356, [m
[0;31mPASS PATTERN NO. 357, [m
[0;31mPASS PATTERN NO. 358, [m
[0;31mPASS PATTERN NO. 359, [m
[1;31mPASS PATTERN NO. 360, [m
[1;31mPASS PATTERN NO. 361, [m
[1;31mPASS PATTERN NO. 362, [m
[1;33mPASS PATTERN NO. 363, [m
[1;33mPASS PATTERN NO. 364, [m
[1;33mPASS PATTERN NO. 365, [m
[0;32mPASS PATTERN NO. 366, [m
[0;32mPASS PATTERN NO. 367, [m
[0;32mPASS PATTERN NO. 368, [m
[0;36mPASS PATTERN NO. 369, [m
[0;36mPASS PATTERN NO. 370, [m
[0;36mPASS PATTERN NO. 371, [m
[0;34mPASS PATTERN NO. 372, [m
[0;34mPASS PATTERN NO. 373, [m
[0;34mPASS PATTERN NO. 374, [m
[0;35mPASS PATTERN NO. 375, [m
[0;35mPASS PATTERN NO. 376, [m
[0;35mPASS PATTERN NO. 377, [m
[0;31mPASS PATTERN NO. 378, [m
[0;31mPASS PATTERN NO. 379, [m
[0;31mPASS PATTERN NO. 380, [m
[1;31mPASS PATTERN NO. 381, [m
[1;31mPASS PATTERN NO. 382, [m
[1;31mPASS PATTERN NO. 383, [m
[1;33mPASS PATTERN NO. 384, [m
[1;33mPASS PATTERN NO. 385, [m
[1;33mPASS PATTERN NO. 386, [m
[0;32mPASS PATTERN NO. 387, [m
[0;32mPASS PATTERN NO. 388, [m
[0;32mPASS PATTERN NO. 389, [m
[0;36mPASS PATTERN NO. 390, [m
[0;36mPASS PATTERN NO. 391, [m
[0;36mPASS PATTERN NO. 392, [m
[0;34mPASS PATTERN NO. 393, [m
[0;34mPASS PATTERN NO. 394, [m
[0;34mPASS PATTERN NO. 395, [m
[0;35mPASS PATTERN NO. 396, [m
[0;35mPASS PATTERN NO. 397, [m
[0;35mPASS PATTERN NO. 398, [m
[0;31mPASS PATTERN NO. 399, [m
[0;31mPASS PATTERN NO. 400, [m
[0;31mPASS PATTERN NO. 401, [m
[1;31mPASS PATTERN NO. 402, [m
[1;31mPASS PATTERN NO. 403, [m
[1;31mPASS PATTERN NO. 404, [m
[1;33mPASS PATTERN NO. 405, [m
[1;33mPASS PATTERN NO. 406, [m
[1;33mPASS PATTERN NO. 407, [m
[0;32mPASS PATTERN NO. 408, [m
[0;32mPASS PATTERN NO. 409, [m
[0;32mPASS PATTERN NO. 410, [m
[0;36mPASS PATTERN NO. 411, [m
[0;36mPASS PATTERN NO. 412, [m
[0;36mPASS PATTERN NO. 413, [m
[0;34mPASS PATTERN NO. 414, [m
[0;34mPASS PATTERN NO. 415, [m
[0;34mPASS PATTERN NO. 416, [m
[0;35mPASS PATTERN NO. 417, [m
[0;35mPASS PATTERN NO. 418, [m
[0;35mPASS PATTERN NO. 419, [m
[0;31mPASS PATTERN NO. 420, [m
[0;31mPASS PATTERN NO. 421, [m
[0;31mPASS PATTERN NO. 422, [m
[1;31mPASS PATTERN NO. 423, [m
[1;31mPASS PATTERN NO. 424, [m
[1;31mPASS PATTERN NO. 425, [m
[1;33mPASS PATTERN NO. 426, [m
[1;33mPASS PATTERN NO. 427, [m
[1;33mPASS PATTERN NO. 428, [m
[0;32mPASS PATTERN NO. 429, [m
[0;32mPASS PATTERN NO. 430, [m
[0;32mPASS PATTERN NO. 431, [m
[0;36mPASS PATTERN NO. 432, [m
[0;36mPASS PATTERN NO. 433, [m
[0;36mPASS PATTERN NO. 434, [m
[0;34mPASS PATTERN NO. 435, [m
[0;34mPASS PATTERN NO. 436, [m
[0;34mPASS PATTERN NO. 437, [m
[0;35mPASS PATTERN NO. 438, [m
[0;35mPASS PATTERN NO. 439, [m
[0;35mPASS PATTERN NO. 440, [m
[0;31mPASS PATTERN NO. 441, [m
[0;31mPASS PATTERN NO. 442, [m
[0;31mPASS PATTERN NO. 443, [m
[1;31mPASS PATTERN NO. 444, [m
[1;31mPASS PATTERN NO. 445, [m
[1;31mPASS PATTERN NO. 446, [m
[1;33mPASS PATTERN NO. 447, [m
[1;33mPASS PATTERN NO. 448, [m
[1;33mPASS PATTERN NO. 449, [m
[0;32mPASS PATTERN NO. 450, [m
[0;32mPASS PATTERN NO. 451, [m
[0;32mPASS PATTERN NO. 452, [m
[0;36mPASS PATTERN NO. 453, [m
[0;36mPASS PATTERN NO. 454, [m
[0;36mPASS PATTERN NO. 455, [m
[0;34mPASS PATTERN NO. 456, [m
[0;34mPASS PATTERN NO. 457, [m
[0;34mPASS PATTERN NO. 458, [m
[0;35mPASS PATTERN NO. 459, [m
[0;35mPASS PATTERN NO. 460, [m
[0;35mPASS PATTERN NO. 461, [m
[0;31mPASS PATTERN NO. 462, [m
[0;31mPASS PATTERN NO. 463, [m
[0;31mPASS PATTERN NO. 464, [m
[1;31mPASS PATTERN NO. 465, [m
[1;31mPASS PATTERN NO. 466, [m
[1;31mPASS PATTERN NO. 467, [m
[1;33mPASS PATTERN NO. 468, [m
[1;33mPASS PATTERN NO. 469, [m
[1;33mPASS PATTERN NO. 470, [m
[0;32mPASS PATTERN NO. 471, [m
[0;32mPASS PATTERN NO. 472, [m
[0;32mPASS PATTERN NO. 473, [m
[0;36mPASS PATTERN NO. 474, [m
[0;36mPASS PATTERN NO. 475, [m
[0;36mPASS PATTERN NO. 476, [m
[0;34mPASS PATTERN NO. 477, [m
[0;34mPASS PATTERN NO. 478, [m
[0;34mPASS PATTERN NO. 479, [m
[0;35mPASS PATTERN NO. 480, [m
[0;35mPASS PATTERN NO. 481, [m
[0;35mPASS PATTERN NO. 482, [m
[0;31mPASS PATTERN NO. 483, [m
[0;31mPASS PATTERN NO. 484, [m
[0;31mPASS PATTERN NO. 485, [m
[1;31mPASS PATTERN NO. 486, [m
[1;31mPASS PATTERN NO. 487, [m
[1;31mPASS PATTERN NO. 488, [m
[1;33mPASS PATTERN NO. 489, [m
[1;33mPASS PATTERN NO. 490, [m
[1;33mPASS PATTERN NO. 491, [m
[0;32mPASS PATTERN NO. 492, [m
[0;32mPASS PATTERN NO. 493, [m
[0;32mPASS PATTERN NO. 494, [m
[0;36mPASS PATTERN NO. 495, [m
[0;36mPASS PATTERN NO. 496, [m
[0;36mPASS PATTERN NO. 497, [m
[0;34mPASS PATTERN NO. 498, [m
[0;34mPASS PATTERN NO. 499, [m
[0;34mPASS PATTERN NO. 500, [m
[0;35mPASS PATTERN NO. 501, [m
[0;35mPASS PATTERN NO. 502, [m
[0;35mPASS PATTERN NO. 503, [m
[0;31mPASS PATTERN NO. 504, [m
[0;31mPASS PATTERN NO. 505, [m
[0;31mPASS PATTERN NO. 506, [m
[1;31mPASS PATTERN NO. 507, [m
[1;31mPASS PATTERN NO. 508, [m
[1;31mPASS PATTERN NO. 509, [m
[1;33mPASS PATTERN NO. 510, [m
[1;33mPASS PATTERN NO. 511, [m
[1;33mPASS PATTERN NO. 512, [m
[0;32mPASS PATTERN NO. 513, [m
[0;32mPASS PATTERN NO. 514, [m
[0;32mPASS PATTERN NO. 515, [m
[0;36mPASS PATTERN NO. 516, [m
[0;36mPASS PATTERN NO. 517, [m
[0;36mPASS PATTERN NO. 518, [m
[0;34mPASS PATTERN NO. 519, [m
[0;34mPASS PATTERN NO. 520, [m
[0;34mPASS PATTERN NO. 521, [m
[0;35mPASS PATTERN NO. 522, [m
[0;35mPASS PATTERN NO. 523, [m
[0;35mPASS PATTERN NO. 524, [m
[0;31mPASS PATTERN NO. 525, [m
[0;31mPASS PATTERN NO. 526, [m
[0;31mPASS PATTERN NO. 527, [m
[1;31mPASS PATTERN NO. 528, [m
[1;31mPASS PATTERN NO. 529, [m
[1;31mPASS PATTERN NO. 530, [m
[1;33mPASS PATTERN NO. 531, [m
[1;33mPASS PATTERN NO. 532, [m
[1;33mPASS PATTERN NO. 533, [m
[0;32mPASS PATTERN NO. 534, [m
[0;32mPASS PATTERN NO. 535, [m
[0;32mPASS PATTERN NO. 536, [m
[0;36mPASS PATTERN NO. 537, [m
[0;36mPASS PATTERN NO. 538, [m
[0;36mPASS PATTERN NO. 539, [m
[0;34mPASS PATTERN NO. 540, [m
[0;34mPASS PATTERN NO. 541, [m
[0;34mPASS PATTERN NO. 542, [m
[0;35mPASS PATTERN NO. 543, [m
[0;35mPASS PATTERN NO. 544, [m
[0;35mPASS PATTERN NO. 545, [m
[0;31mPASS PATTERN NO. 546, [m
[0;31mPASS PATTERN NO. 547, [m
[0;31mPASS PATTERN NO. 548, [m
[1;31mPASS PATTERN NO. 549, [m
[1;31mPASS PATTERN NO. 550, [m
[1;31mPASS PATTERN NO. 551, [m
[1;33mPASS PATTERN NO. 552, [m
[1;33mPASS PATTERN NO. 553, [m
[1;33mPASS PATTERN NO. 554, [m
[0;32mPASS PATTERN NO. 555, [m
[0;32mPASS PATTERN NO. 556, [m
[0;32mPASS PATTERN NO. 557, [m
[0;36mPASS PATTERN NO. 558, [m
[0;36mPASS PATTERN NO. 559, [m
[0;36mPASS PATTERN NO. 560, [m
[0;34mPASS PATTERN NO. 561, [m
[0;34mPASS PATTERN NO. 562, [m
[0;34mPASS PATTERN NO. 563, [m
[0;35mPASS PATTERN NO. 564, [m
[0;35mPASS PATTERN NO. 565, [m
[0;35mPASS PATTERN NO. 566, [m
[0;31mPASS PATTERN NO. 567, [m
[0;31mPASS PATTERN NO. 568, [m
[0;31mPASS PATTERN NO. 569, [m
[1;31mPASS PATTERN NO. 570, [m
[1;31mPASS PATTERN NO. 571, [m
[1;31mPASS PATTERN NO. 572, [m
[1;33mPASS PATTERN NO. 573, [m
[1;33mPASS PATTERN NO. 574, [m
[1;33mPASS PATTERN NO. 575, [m
[0;32mPASS PATTERN NO. 576, [m
[0;32mPASS PATTERN NO. 577, [m
[0;32mPASS PATTERN NO. 578, [m
[0;36mPASS PATTERN NO. 579, [m
[0;36mPASS PATTERN NO. 580, [m
[0;36mPASS PATTERN NO. 581, [m
[0;34mPASS PATTERN NO. 582, [m
[0;34mPASS PATTERN NO. 583, [m
[0;34mPASS PATTERN NO. 584, [m
[0;35mPASS PATTERN NO. 585, [m
[0;35mPASS PATTERN NO. 586, [m
[0;35mPASS PATTERN NO. 587, [m
[0;31mPASS PATTERN NO. 588, [m
[0;31mPASS PATTERN NO. 589, [m
[0;31mPASS PATTERN NO. 590, [m
[1;31mPASS PATTERN NO. 591, [m
[1;31mPASS PATTERN NO. 592, [m
[1;31mPASS PATTERN NO. 593, [m
[1;33mPASS PATTERN NO. 594, [m
[1;33mPASS PATTERN NO. 595, [m
[1;33mPASS PATTERN NO. 596, [m
[0;32mPASS PATTERN NO. 597, [m
[0;32mPASS PATTERN NO. 598, [m
[0;32mPASS PATTERN NO. 599, [m
[0;36mPASS PATTERN NO. 600, [m
[0;36mPASS PATTERN NO. 601, [m
[0;36mPASS PATTERN NO. 602, [m
[0;34mPASS PATTERN NO. 603, [m
[0;34mPASS PATTERN NO. 604, [m
[0;34mPASS PATTERN NO. 605, [m
[0;35mPASS PATTERN NO. 606, [m
[0;35mPASS PATTERN NO. 607, [m
[0;35mPASS PATTERN NO. 608, [m
[0;31mPASS PATTERN NO. 609, [m
[0;31mPASS PATTERN NO. 610, [m
[0;31mPASS PATTERN NO. 611, [m
[1;31mPASS PATTERN NO. 612, [m
[1;31mPASS PATTERN NO. 613, [m
[1;31mPASS PATTERN NO. 614, [m
[1;33mPASS PATTERN NO. 615, [m
[1;33mPASS PATTERN NO. 616, [m
[1;33mPASS PATTERN NO. 617, [m
[0;32mPASS PATTERN NO. 618, [m
[0;32mPASS PATTERN NO. 619, [m
[0;32mPASS PATTERN NO. 620, [m
[0;36mPASS PATTERN NO. 621, [m
[0;36mPASS PATTERN NO. 622, [m
[0;36mPASS PATTERN NO. 623, [m
[0;34mPASS PATTERN NO. 624, [m
[0;34mPASS PATTERN NO. 625, [m
[0;34mPASS PATTERN NO. 626, [m
[0;35mPASS PATTERN NO. 627, [m
[0;35mPASS PATTERN NO. 628, [m
[0;35mPASS PATTERN NO. 629, [m
[0;31mPASS PATTERN NO. 630, [m
[0;31mPASS PATTERN NO. 631, [m
[0;31mPASS PATTERN NO. 632, [m
[1;31mPASS PATTERN NO. 633, [m
[1;31mPASS PATTERN NO. 634, [m
[1;31mPASS PATTERN NO. 635, [m
[1;33mPASS PATTERN NO. 636, [m
[1;33mPASS PATTERN NO. 637, [m
[1;33mPASS PATTERN NO. 638, [m
[0;32mPASS PATTERN NO. 639, [m
[0;32mPASS PATTERN NO. 640, [m
[0;32mPASS PATTERN NO. 641, [m
[0;36mPASS PATTERN NO. 642, [m
[0;36mPASS PATTERN NO. 643, [m
[0;36mPASS PATTERN NO. 644, [m
[0;34mPASS PATTERN NO. 645, [m
[0;34mPASS PATTERN NO. 646, [m
[0;34mPASS PATTERN NO. 647, [m
[0;35mPASS PATTERN NO. 648, [m
[0;35mPASS PATTERN NO. 649, [m
[0;35mPASS PATTERN NO. 650, [m
[0;31mPASS PATTERN NO. 651, [m
[0;31mPASS PATTERN NO. 652, [m
[0;31mPASS PATTERN NO. 653, [m
[1;31mPASS PATTERN NO. 654, [m
[1;31mPASS PATTERN NO. 655, [m
[1;31mPASS PATTERN NO. 656, [m
[1;33mPASS PATTERN NO. 657, [m
[1;33mPASS PATTERN NO. 658, [m
[1;33mPASS PATTERN NO. 659, [m
[0;32mPASS PATTERN NO. 660, [m
[0;32mPASS PATTERN NO. 661, [m
[0;32mPASS PATTERN NO. 662, [m
[0;36mPASS PATTERN NO. 663, [m
[0;36mPASS PATTERN NO. 664, [m
[0;36mPASS PATTERN NO. 665, [m
[0;34mPASS PATTERN NO. 666, [m
[0;34mPASS PATTERN NO. 667, [m
[0;34mPASS PATTERN NO. 668, [m
[0;35mPASS PATTERN NO. 669, [m
[0;35mPASS PATTERN NO. 670, [m
[0;35mPASS PATTERN NO. 671, [m
[0;31mPASS PATTERN NO. 672, [m
[0;31mPASS PATTERN NO. 673, [m
[0;31mPASS PATTERN NO. 674, [m
[1;31mPASS PATTERN NO. 675, [m
[1;31mPASS PATTERN NO. 676, [m
[1;31mPASS PATTERN NO. 677, [m
[1;33mPASS PATTERN NO. 678, [m
[1;33mPASS PATTERN NO. 679, [m
[1;33mPASS PATTERN NO. 680, [m
[0;32mPASS PATTERN NO. 681, [m
[0;32mPASS PATTERN NO. 682, [m
[0;32mPASS PATTERN NO. 683, [m
[0;36mPASS PATTERN NO. 684, [m
[0;36mPASS PATTERN NO. 685, [m
[0;36mPASS PATTERN NO. 686, [m
[0;34mPASS PATTERN NO. 687, [m
[0;34mPASS PATTERN NO. 688, [m
[0;34mPASS PATTERN NO. 689, [m
[0;35mPASS PATTERN NO. 690, [m
[0;35mPASS PATTERN NO. 691, [m
[0;35mPASS PATTERN NO. 692, [m
[0;31mPASS PATTERN NO. 693, [m
[0;31mPASS PATTERN NO. 694, [m
[0;31mPASS PATTERN NO. 695, [m
[1;31mPASS PATTERN NO. 696, [m
[1;31mPASS PATTERN NO. 697, [m
[1;31mPASS PATTERN NO. 698, [m
[1;33mPASS PATTERN NO. 699, [m
[1;33mPASS PATTERN NO. 700, [m
[1;33mPASS PATTERN NO. 701, [m
[0;32mPASS PATTERN NO. 702, [m
[0;32mPASS PATTERN NO. 703, [m
[0;32mPASS PATTERN NO. 704, [m
[0;36mPASS PATTERN NO. 705, [m
[0;36mPASS PATTERN NO. 706, [m
[0;36mPASS PATTERN NO. 707, [m
[0;34mPASS PATTERN NO. 708, [m
[0;34mPASS PATTERN NO. 709, [m
[0;34mPASS PATTERN NO. 710, [m
[0;35mPASS PATTERN NO. 711, [m
[0;35mPASS PATTERN NO. 712, [m
[0;35mPASS PATTERN NO. 713, [m
[0;31mPASS PATTERN NO. 714, [m
[0;31mPASS PATTERN NO. 715, [m
[0;31mPASS PATTERN NO. 716, [m
[1;31mPASS PATTERN NO. 717, [m
[1;31mPASS PATTERN NO. 718, [m
[1;31mPASS PATTERN NO. 719, [m
[1;33mPASS PATTERN NO. 720, [m
[1;33mPASS PATTERN NO. 721, [m
[1;33mPASS PATTERN NO. 722, [m
[0;32mPASS PATTERN NO. 723, [m
[0;32mPASS PATTERN NO. 724, [m
[0;32mPASS PATTERN NO. 725, [m
[0;36mPASS PATTERN NO. 726, [m
[0;36mPASS PATTERN NO. 727, [m
[0;36mPASS PATTERN NO. 728, [m
[0;34mPASS PATTERN NO. 729, [m
[0;34mPASS PATTERN NO. 730, [m
[0;34mPASS PATTERN NO. 731, [m
[0;35mPASS PATTERN NO. 732, [m
[0;35mPASS PATTERN NO. 733, [m
[0;35mPASS PATTERN NO. 734, [m
[0;31mPASS PATTERN NO. 735, [m
[0;31mPASS PATTERN NO. 736, [m
[0;31mPASS PATTERN NO. 737, [m
[1;31mPASS PATTERN NO. 738, [m
[1;31mPASS PATTERN NO. 739, [m
[1;31mPASS PATTERN NO. 740, [m
[1;33mPASS PATTERN NO. 741, [m
[1;33mPASS PATTERN NO. 742, [m
[1;33mPASS PATTERN NO. 743, [m
[0;32mPASS PATTERN NO. 744, [m
[0;32mPASS PATTERN NO. 745, [m
[0;32mPASS PATTERN NO. 746, [m
[0;36mPASS PATTERN NO. 747, [m
[0;36mPASS PATTERN NO. 748, [m
[0;36mPASS PATTERN NO. 749, [m
[0;34mPASS PATTERN NO. 750, [m
[0;34mPASS PATTERN NO. 751, [m
[0;34mPASS PATTERN NO. 752, [m
[0;35mPASS PATTERN NO. 753, [m
[0;35mPASS PATTERN NO. 754, [m
[0;35mPASS PATTERN NO. 755, [m
[0;31mPASS PATTERN NO. 756, [m
[0;31mPASS PATTERN NO. 757, [m
[0;31mPASS PATTERN NO. 758, [m
[1;31mPASS PATTERN NO. 759, [m
[1;31mPASS PATTERN NO. 760, [m
[1;31mPASS PATTERN NO. 761, [m
[1;33mPASS PATTERN NO. 762, [m
[1;33mPASS PATTERN NO. 763, [m
[1;33mPASS PATTERN NO. 764, [m
[0;32mPASS PATTERN NO. 765, [m
[0;32mPASS PATTERN NO. 766, [m
[0;32mPASS PATTERN NO. 767, [m
[0;36mPASS PATTERN NO. 768, [m
[0;36mPASS PATTERN NO. 769, [m
[0;36mPASS PATTERN NO. 770, [m
[0;34mPASS PATTERN NO. 771, [m
[0;34mPASS PATTERN NO. 772, [m
[0;34mPASS PATTERN NO. 773, [m
[0;35mPASS PATTERN NO. 774, [m
[0;35mPASS PATTERN NO. 775, [m
[0;35mPASS PATTERN NO. 776, [m
[0;31mPASS PATTERN NO. 777, [m
[0;31mPASS PATTERN NO. 778, [m
[0;31mPASS PATTERN NO. 779, [m
[1;31mPASS PATTERN NO. 780, [m
[1;31mPASS PATTERN NO. 781, [m
[1;31mPASS PATTERN NO. 782, [m
[1;33mPASS PATTERN NO. 783, [m
[1;33mPASS PATTERN NO. 784, [m
[1;33mPASS PATTERN NO. 785, [m
[0;32mPASS PATTERN NO. 786, [m
[0;32mPASS PATTERN NO. 787, [m
[0;32mPASS PATTERN NO. 788, [m
[0;36mPASS PATTERN NO. 789, [m
[0;36mPASS PATTERN NO. 790, [m
[0;36mPASS PATTERN NO. 791, [m
[0;34mPASS PATTERN NO. 792, [m
[0;34mPASS PATTERN NO. 793, [m
[0;34mPASS PATTERN NO. 794, [m
[0;35mPASS PATTERN NO. 795, [m
[0;35mPASS PATTERN NO. 796, [m
[0;35mPASS PATTERN NO. 797, [m
[0;31mPASS PATTERN NO. 798, [m
[0;31mPASS PATTERN NO. 799, [m
[0;31mPASS PATTERN NO. 800, [m
[1;31mPASS PATTERN NO. 801, [m
[1;31mPASS PATTERN NO. 802, [m
[1;31mPASS PATTERN NO. 803, [m
[1;33mPASS PATTERN NO. 804, [m
[1;33mPASS PATTERN NO. 805, [m
[1;33mPASS PATTERN NO. 806, [m
[0;32mPASS PATTERN NO. 807, [m
[0;32mPASS PATTERN NO. 808, [m
[0;32mPASS PATTERN NO. 809, [m
[0;36mPASS PATTERN NO. 810, [m
[0;36mPASS PATTERN NO. 811, [m
[0;36mPASS PATTERN NO. 812, [m
[0;34mPASS PATTERN NO. 813, [m
[0;34mPASS PATTERN NO. 814, [m
[0;34mPASS PATTERN NO. 815, [m
[0;35mPASS PATTERN NO. 816, [m
[0;35mPASS PATTERN NO. 817, [m
[0;35mPASS PATTERN NO. 818, [m
[0;31mPASS PATTERN NO. 819, [m
[0;31mPASS PATTERN NO. 820, [m
[0;31mPASS PATTERN NO. 821, [m
[1;31mPASS PATTERN NO. 822, [m
[1;31mPASS PATTERN NO. 823, [m
[1;31mPASS PATTERN NO. 824, [m
[1;33mPASS PATTERN NO. 825, [m
[1;33mPASS PATTERN NO. 826, [m
[1;33mPASS PATTERN NO. 827, [m
[0;32mPASS PATTERN NO. 828, [m
[0;32mPASS PATTERN NO. 829, [m
[0;32mPASS PATTERN NO. 830, [m
[0;36mPASS PATTERN NO. 831, [m
[0;36mPASS PATTERN NO. 832, [m
[0;36mPASS PATTERN NO. 833, [m
[0;34mPASS PATTERN NO. 834, [m
[0;34mPASS PATTERN NO. 835, [m
[0;34mPASS PATTERN NO. 836, [m
[0;35mPASS PATTERN NO. 837, [m
[0;35mPASS PATTERN NO. 838, [m
[0;35mPASS PATTERN NO. 839, [m
[0;31mPASS PATTERN NO. 840, [m
[0;31mPASS PATTERN NO. 841, [m
[0;31mPASS PATTERN NO. 842, [m
[1;31mPASS PATTERN NO. 843, [m
[1;31mPASS PATTERN NO. 844, [m
[1;31mPASS PATTERN NO. 845, [m
[1;33mPASS PATTERN NO. 846, [m
[1;33mPASS PATTERN NO. 847, [m
[1;33mPASS PATTERN NO. 848, [m
[0;32mPASS PATTERN NO. 849, [m
[0;32mPASS PATTERN NO. 850, [m
[0;32mPASS PATTERN NO. 851, [m
[0;36mPASS PATTERN NO. 852, [m
[0;36mPASS PATTERN NO. 853, [m
[0;36mPASS PATTERN NO. 854, [m
[0;34mPASS PATTERN NO. 855, [m
[0;34mPASS PATTERN NO. 856, [m
[0;34mPASS PATTERN NO. 857, [m
[0;35mPASS PATTERN NO. 858, [m
[0;35mPASS PATTERN NO. 859, [m
[0;35mPASS PATTERN NO. 860, [m
[0;31mPASS PATTERN NO. 861, [m
[0;31mPASS PATTERN NO. 862, [m
[0;31mPASS PATTERN NO. 863, [m
[1;31mPASS PATTERN NO. 864, [m
[1;31mPASS PATTERN NO. 865, [m
[1;31mPASS PATTERN NO. 866, [m
[1;33mPASS PATTERN NO. 867, [m
[1;33mPASS PATTERN NO. 868, [m
[1;33mPASS PATTERN NO. 869, [m
[0;32mPASS PATTERN NO. 870, [m
[0;32mPASS PATTERN NO. 871, [m
[0;32mPASS PATTERN NO. 872, [m
[0;36mPASS PATTERN NO. 873, [m
[0;36mPASS PATTERN NO. 874, [m
[0;36mPASS PATTERN NO. 875, [m
[0;34mPASS PATTERN NO. 876, [m
[0;34mPASS PATTERN NO. 877, [m
[0;34mPASS PATTERN NO. 878, [m
[0;35mPASS PATTERN NO. 879, [m
[0;35mPASS PATTERN NO. 880, [m
[0;35mPASS PATTERN NO. 881, [m
[0;31mPASS PATTERN NO. 882, [m
[0;31mPASS PATTERN NO. 883, [m
[0;31mPASS PATTERN NO. 884, [m
[1;31mPASS PATTERN NO. 885, [m
[1;31mPASS PATTERN NO. 886, [m
[1;31mPASS PATTERN NO. 887, [m
[1;33mPASS PATTERN NO. 888, [m
[1;33mPASS PATTERN NO. 889, [m
[1;33mPASS PATTERN NO. 890, [m
[0;32mPASS PATTERN NO. 891, [m
[0;32mPASS PATTERN NO. 892, [m
[0;32mPASS PATTERN NO. 893, [m
[0;36mPASS PATTERN NO. 894, [m
[0;36mPASS PATTERN NO. 895, [m
[0;36mPASS PATTERN NO. 896, [m
[0;34mPASS PATTERN NO. 897, [m
[0;34mPASS PATTERN NO. 898, [m
[0;34mPASS PATTERN NO. 899, [m
[0;35mPASS PATTERN NO. 900, [m
[0;35mPASS PATTERN NO. 901, [m
[0;35mPASS PATTERN NO. 902, [m
[0;31mPASS PATTERN NO. 903, [m
[0;31mPASS PATTERN NO. 904, [m
[0;31mPASS PATTERN NO. 905, [m
[1;31mPASS PATTERN NO. 906, [m
[1;31mPASS PATTERN NO. 907, [m
[1;31mPASS PATTERN NO. 908, [m
[1;33mPASS PATTERN NO. 909, [m
[1;33mPASS PATTERN NO. 910, [m
[1;33mPASS PATTERN NO. 911, [m
[0;32mPASS PATTERN NO. 912, [m
[0;32mPASS PATTERN NO. 913, [m
[0;32mPASS PATTERN NO. 914, [m
[0;36mPASS PATTERN NO. 915, [m
[0;36mPASS PATTERN NO. 916, [m
[0;36mPASS PATTERN NO. 917, [m
[0;34mPASS PATTERN NO. 918, [m
[0;34mPASS PATTERN NO. 919, [m
[0;34mPASS PATTERN NO. 920, [m
[0;35mPASS PATTERN NO. 921, [m
[0;35mPASS PATTERN NO. 922, [m
[0;35mPASS PATTERN NO. 923, [m
[0;31mPASS PATTERN NO. 924, [m
[0;31mPASS PATTERN NO. 925, [m
[0;31mPASS PATTERN NO. 926, [m
[1;31mPASS PATTERN NO. 927, [m
[1;31mPASS PATTERN NO. 928, [m
[1;31mPASS PATTERN NO. 929, [m
[1;33mPASS PATTERN NO. 930, [m
[1;33mPASS PATTERN NO. 931, [m
[1;33mPASS PATTERN NO. 932, [m
[0;32mPASS PATTERN NO. 933, [m
[0;32mPASS PATTERN NO. 934, [m
[0;32mPASS PATTERN NO. 935, [m
[0;36mPASS PATTERN NO. 936, [m
[0;36mPASS PATTERN NO. 937, [m
[0;36mPASS PATTERN NO. 938, [m
[0;34mPASS PATTERN NO. 939, [m
[0;34mPASS PATTERN NO. 940, [m
[0;34mPASS PATTERN NO. 941, [m
[0;35mPASS PATTERN NO. 942, [m
[0;35mPASS PATTERN NO. 943, [m
[0;35mPASS PATTERN NO. 944, [m
[0;31mPASS PATTERN NO. 945, [m
[0;31mPASS PATTERN NO. 946, [m
[0;31mPASS PATTERN NO. 947, [m
[1;31mPASS PATTERN NO. 948, [m
[1;31mPASS PATTERN NO. 949, [m
[1;31mPASS PATTERN NO. 950, [m
[1;33mPASS PATTERN NO. 951, [m
[1;33mPASS PATTERN NO. 952, [m
[1;33mPASS PATTERN NO. 953, [m
[0;32mPASS PATTERN NO. 954, [m
[0;32mPASS PATTERN NO. 955, [m
[0;32mPASS PATTERN NO. 956, [m
[0;36mPASS PATTERN NO. 957, [m
[0;36mPASS PATTERN NO. 958, [m
[0;36mPASS PATTERN NO. 959, [m
[0;34mPASS PATTERN NO. 960, [m
[0;34mPASS PATTERN NO. 961, [m
[0;34mPASS PATTERN NO. 962, [m
[0;35mPASS PATTERN NO. 963, [m
[0;35mPASS PATTERN NO. 964, [m
[0;35mPASS PATTERN NO. 965, [m
[0;31mPASS PATTERN NO. 966, [m
[0;31mPASS PATTERN NO. 967, [m
[0;31mPASS PATTERN NO. 968, [m
[1;31mPASS PATTERN NO. 969, [m
[1;31mPASS PATTERN NO. 970, [m
[1;31mPASS PATTERN NO. 971, [m
[1;33mPASS PATTERN NO. 972, [m
[1;33mPASS PATTERN NO. 973, [m
[1;33mPASS PATTERN NO. 974, [m
[0;32mPASS PATTERN NO. 975, [m
[0;32mPASS PATTERN NO. 976, [m
[0;32mPASS PATTERN NO. 977, [m
[0;36mPASS PATTERN NO. 978, [m
[0;36mPASS PATTERN NO. 979, [m
[0;36mPASS PATTERN NO. 980, [m
[0;34mPASS PATTERN NO. 981, [m
[0;34mPASS PATTERN NO. 982, [m
[0;34mPASS PATTERN NO. 983, [m
[0;35mPASS PATTERN NO. 984, [m
[0;35mPASS PATTERN NO. 985, [m
[0;35mPASS PATTERN NO. 986, [m
[0;31mPASS PATTERN NO. 987, [m
[0;31mPASS PATTERN NO. 988, [m
[0;31mPASS PATTERN NO. 989, [m
[1;31mPASS PATTERN NO. 990, [m
[1;31mPASS PATTERN NO. 991, [m
[1;31mPASS PATTERN NO. 992, [m
[1;33mPASS PATTERN NO. 993, [m
[1;33mPASS PATTERN NO. 994, [m
[1;33mPASS PATTERN NO. 995, [m
[0;32mPASS PATTERN NO. 996, [m
[0;32mPASS PATTERN NO. 997, [m
[0;32mPASS PATTERN NO. 998, [m
[0;36mPASS PATTERN NO. 999, [m
[37m                                                                                                                                          
[37m                                                                                [32m      :BBQvi.                                              
[37m                                                              .i7ssrvs7         [32m     BBBBBBBBQi                                           
[37m                        .:r7rrrr:::.        .::::::...   .i7vr:.      .B:       [32m    :BBBP :7BBBB.                                         
[37m                      .Kv.........:rrvYr7v7rr:.....:rrirJr.   .rgBBBBg  Bi      [32m    BBBB     BBBB                                         
[37m                     7Q  :rubEPUri:.       ..:irrii:..    :bBBBBBBBBBBB  B      [32m   iBBBv     BBBB       vBr                               
[37m                    7B  BBBBBBBBBBBBBBB::BBBBBBBBBBBBBBBBBBBBBBBBBBBBBBB :R     [32m   BBBBBKrirBBBB.     :BBBBBB:                            
[37m                   Jd .BBBBBBBBBBBBBBBBBBBBBBBBBBBBBBBBBBBBBBBBBBBBBBBBB: Bi    [32m  rBBBBBBBBBBBR.    .BBBM:BBB                             
[37m                  uZ .BBBBBBBBBBBBBBBBBBBBBBBBBBBBBBBBBBBBBBBBBBBBBBBBBBB .B    [32m  BBBB   .::.      EBBBi :BBU                             
[37m                 7B .BBBBBBBBBBBBBBBBBBBBBBBBBBBBBBBBBBBBBBBBBBBBBBBBBBBB  B    [32m MBBBr           vBBBu   BBB.                             
[37m                .B  BBBBBBBBBBBBBBBBBBBBBBBBBBBBBBBBBBBBBBBBBBBBBBBBBBBBB: JJ   [32m i7PB          iBBBBB.  iBBB                              
[37m                B. BBBBBBBBBBBBBBBBBBBBBBBBBBBBBBBBBBBBBBBBBBBBBBBBBBBBBBB  Lu             [32m  vBBBBPBBBBPBBB7       .7QBB5i                
[37m               Y1 KBBBBBBBBBBBBBBBBBBBBBBBBBBBBBBBBBBBBBBBBBBBBBBi XBBBBBBBi :B            [32m :RBBB.  .rBBBBB.      rBBBBBBBB7              
[37m              :B .BBBBBBBBBBBBBsRBBBBBBBBBBBrQBBBBB. UBBBRrBBBBBBr 1BBBBBBBBB  B.          [32m    .       BBBB       BBBB  :BBBB             
[37m              Bi BBBBBBBBBBBBBi :BBBBBBBBBBE .BBK.  .  .   QBBBBBBBBBBBBBBBBBB  Bi         [32m           rBBBr       BBBB    BBBU            
[37m             .B .BBBBBBBBBBBBBBQBBBBBBBBBBBB       [38;2;242;172;172mBBv [37m.LBBBBBBBBBBBBBBBBBBBBBB. B7.:ii:   [32m           vBBB        .BBBB   :7i.            
[37m            .B  PBBBBBBBBBBBBBBBBBBBBBBBBBBBBbYQB. [38;2;242;172;172mBB: [37mBBBBBBBBBBBBBBBBBBBBBBBBB  Jr:::rK7 [32m             .7  BBB7   iBBBg                  
[37m           7M  PBBBBBBBBBBBBBBBBBBBBBBBBBBBBBBBBB  [38;2;242;172;172mBB. [37mBBBBBBBBBBBBBBBBBBBBBBB..i   .   v1                  [32mdBBB.   5BBBr                 
[37m          sZ .BBBBBBBBBBBBBBBBBBBBBBBBBBBBBBBBBBB  [38;2;242;172;172mBB. [37mBBBBBBBBBBBBBBBBBBBBBBBBBBB iD2BBQL.                 [32m ZBBBr  EBBBv     YBBBBQi     
[37m  .7YYUSIX5 .BBBBBBBBBBBBBBBBBBBBBBBBBBBBBBBBBBBB  [38;2;242;172;172mBB. [37mBBBBBBBBBBBBBBBBBBBBBBBBY.:.      :B                 [32m  iBBBBBBBBD     BBBBBBBBB.   
[37m LB.        ..BBBBBBBBBBBBBBBBBBBBBBBBBBBBBBBBBBB. [38;2;242;172;172mBB: [37mBBBBBBBBBBBBBBBBBBBBBBBBMBBB. BP17si                 [32m    :LBBBr      vBBBi  5BBB   
[37m  KvJPBBB :BBBBBBBBBBBBBBBBBBBBBBBBBBBBBBBBBBBBBB: [38;2;242;172;172mZB: [37mBBBBBBBBBBBBBBBBBBBBBBBBBsiJr .i7ssr:                [32m          ...   :BBB:   BBBu  
[37m i7ii:.   ::BBBBBBBBBBBBBBBBBBBBBBBBBBBBBBBBBBBBBj [38;2;242;172;172muBi [37mQBBBBBBBBBBBBBBBBBBBBBBBBi.ir      iB                [32m         .BBBi   BBBB   iMBu  
[37mDB    .  vBdBBBBBBBBBBBBBBBBBBBBBBBBBBBBBBBBBBBBBg [38;2;242;172;172m7Bi [37mBBBBBBBBBBBBBBBBBBBBBBBBBBBBB rBrXPv.                [32m          BBBX   :BBBr        
[37m :vQBBB. BQBBBBBBBBBBBBBBBBBBBBBBBBBBBBBBBBBBBBBBQ [38;2;242;172;172miB: [37mBBBBBBBBBBBBBBBBBBBBBBBBBBBBB .L:ii::irrrrrrrr7jIr   [32m          .BBBv  :BBBQ        
[37m :7:.   .. 5BBBBBBBBBBBBBBBBBBBBBBBBBBBBBBBBBBBBBB  [38;2;242;172;172mBr [37mBBBBBBBBBBBBBBBBBBBBBBBBBBBB:            ..... ..YB. [32m           .BBBBBBBBB:        
[37mBU  .:. BBBBBBBBBBBBBBBBBBBBBBBBBBBBBBBBBBBBBBBBBB  [38;2;242;172;172mB7 [37mgBBBBBBBBBBBBBBBBBBBBBBBBBB. gBBBBBBBBBBBBBBBBBB. BL [32m             rBBBBB1.         
[37m rY7iB: BBBBBBBBBBBBBBBBBBBBBBBBBBBBBBBBBBBBBBBBBB: [38;2;242;172;172mB7 [37mBBBBBBBBBBBBBBBBBBBBBBBBBB. QBBBBBBBBBBBBBBBBBi  v5                                
[37m     us EBBBBBBBBBBBBBBBBBBBBBBBBBBBBBBBBBBBBBBBBBB [38;2;242;172;172mIr [37mBBBBBBBBBBBBBBBBBBBBBBBBBBBBBBBBBgu7i.:BBBBBBBr Bu                                 
[37m      B  7BBBBBBBBBBBBBBBBBBBBBBBBBBBBBBBBBBBBBBBBB.[38;2;242;172;172m:i [37mBBBBBBBBBBBBBBBBBBBBBBBBBBBv:.  .. :::  .rr    rB                                  
[37m      us  .BBBBBBBBBBBBBQLXBBBBBBBBBBBBBBBBBBBBBBBBq  .BBBBBBBBBBBBBBBBBBBBBBBBBv  :iJ7vri:::1Jr..isJYr                                   
[37m      B  BBBBBBB  MBBBM      qBBBBBBBBBBBBBBBBBBBBBB: BBBBBBBBBBBBBBBBBBBBBBBBBB  B:           iir:                                       
[37m     iB iBBBBBBBL       BBBP. :BBBBBBBBBBBBBBBBBBBBBBBBBBBBBBBBBBBBBBBBBBBBBBBB  B.                                                       
[37m     P: BBBBBBBBBBB5v7gBBBBBB  BBBBBBBBBBBBBBBBBBBBBBBBBBBBBBBBBBBBBBBBBBBBBBB: Br                                                        
[37m     B  BBBs 7BBBBBBBBBBBBBB7 :BBBBBBBBBBBBBBBBBBBBBBBBBBBBBBBBBBBBBBBBBBBBBBB .B                                                         
[37m    .B :BBBB.  EBBBBBQBBBBBJ .BBBBBBBBBBBBBBBBBBBBBBBBBBBBBBBBBBBBBBBBBBBBBBB. B.                                                         
[37m    ij qBBBBBg          ..  .BBBBBBBBBBBBBBBBBBBBBBBBBBBBBBBBBBBBBBBBBBBBBBBB .B                                                          
[37m    UY QBBBBBBBBSUSPDQL...iBBBBBBBBBBBBBBBBBBBBBBBBBBBBBBBBBBBBBBBBBBBBBBBBBK EL                                                          
[37m    B7 BBBBBBBBBBBBBBBBBBBBBBBBBBBBBBBBBBBBBBBBBBBBBBBBBBBBBBBBBBBBBBBBBBBBB: B:                                                          
[37m    B  BBBBBBBBBBBBBBBBBBBBBBBBBBBBBBBBBBBBBBBYrBB vBBBBBBBBBBBBBBBBBBBBBBBB. Ls                                                          
[37m    B  BBBBBBBBBBBBBBBBBBBBBBBBBBBBBBBBBBBBBBBi_  /UBBBBBBBBBBBBBBBBBBBBBBBBB. :B:                                                        
[37m   rM .BBBBBBBBBBBBBBBBBBBBBBBBBBBBBBBBBBBBBBBB  ..IBBBBBBBBBBBBBBBBQBBBBBBBBBB  B                                                        
[37m   B  BBBBBBBBBdZBBBBBBBBBBBBBBBBBBBBBBBBBBBBBBPBBBBBBBBBBBBEji:..     sBBBBBBBr Br                                                       
[37m  7B 7BBBBBBBr     .:vXQBBBBBBBBBBBBBBBBBBBBBBBBBQqui::..  ...i:i7777vi  BBBBBBr Bi                                                       
[37m  Ki BBBBBBB  rY7vr:i....  .............:.....  ...:rii7vrr7r:..      7B  BBBBB  Bi                                                       
[37m  B. BBBBBB  B:    .::ir77rrYLvvriiiiiiirvvY7rr77ri:..                 bU  iQBB:..rI                                                      
[37m.S: 7BBBBP  B.                                                          vI7.  .:.  B.                                                     
[37mB: ir:.   :B.                                                             :rvsUjUgU.                                                      
[37mrMvrrirJKur                                                                                                                               [m
----------------------------------------------------------------------------------------------------------------------
                                                  Congratulations!                						             
                                           You have passed all patterns!          						             
----------------------------------------------------------------------------------------------------------------------
./../00_TESTBED/PATTERN.sv:142: $finish called at 1000000 (1ps)
